\BOOKMARK [1][-]{section.1}{\376\377\000E\000i\000n\000f\000\374\000h\000r\000u\000n\000g}{}% 1
\BOOKMARK [2][-]{subsection.1.1}{\376\377\000P\000r\000o\000j\000e\000k\000t\000s\000t\000r\000u\000k\000t\000u\000r}{section.1}% 2
\BOOKMARK [1][-]{section.2}{\376\377\000K\000l\000a\000s\000s\000e\000n\000b\000e\000s\000c\000h\000r\000e\000i\000b\000u\000n\000g}{}% 3
\BOOKMARK [2][-]{subsection.2.1}{\376\377\000U\000s\000e\000r}{section.2}% 4
\BOOKMARK [2][-]{subsection.2.2}{\376\377\000C\000a\000r\000d}{section.2}% 5
\BOOKMARK [2][-]{subsection.2.3}{\376\377\000B\000a\000t\000t\000l\000e}{section.2}% 6
\BOOKMARK [2][-]{subsection.2.4}{\376\377\000P\000a\000c\000k\000a\000g\000e}{section.2}% 7
\BOOKMARK [2][-]{subsection.2.5}{\376\377\000S\000t\000a\000c\000k}{section.2}% 8
\BOOKMARK [2][-]{subsection.2.6}{\376\377\000C\000o\000i\000n\000P\000u\000r\000s\000e\000\040\000\046\000\040\000C\000o\000i\000n}{section.2}% 9
\BOOKMARK [1][-]{section.3}{\376\377\000D\000e\000s\000i\000g\000n\000-\000\040\000u\000n\000d\000\040\000t\000e\000c\000h\000n\000i\000s\000c\000h\000e\000\040\000E\000n\000t\000s\000c\000h\000e\000i\000d\000u\000n\000g\000e\000n}{}% 10
\BOOKMARK [2][-]{subsection.3.1}{\376\377\000G\000l\000o\000b\000a\000l\000E\000n\000u\000m\000s}{section.3}% 11
\BOOKMARK [2][-]{subsection.3.2}{\376\377\000U\000n\000i\000t\000\040\000T\000e\000s\000t\000s}{section.3}% 12
\BOOKMARK [2][-]{subsection.3.3}{\376\377\000U\000n\000i\000q\000u\000e\000\040\000F\000e\000a\000t\000u\000r\000e}{section.3}% 13
\BOOKMARK [2][-]{subsection.3.4}{\376\377\000D\000a\000t\000e\000n\000b\000a\000n\000k}{section.3}% 14
\BOOKMARK [2][-]{subsection.3.5}{\376\377\000H\000T\000T\000P\000-\000S\000e\000r\000v\000e\000r}{section.3}% 15
\BOOKMARK [2][-]{subsection.3.6}{\376\377\000T\000o\000k\000e\000n\000s}{section.3}% 16
\BOOKMARK [2][-]{subsection.3.7}{\376\377\000I\000n\000t\000e\000r\000f\000a\000c\000e\000s}{section.3}% 17
\BOOKMARK [1][-]{section.4}{\376\377\000L\000e\000s\000s\000o\000n\000s\000\040\000L\000e\000a\000r\000n\000e\000d}{}% 18
\BOOKMARK [2][-]{subsection.4.1}{\376\377\000D\000a\000t\000e\000n\000b\000a\000n\000k}{section.4}% 19
\BOOKMARK [2][-]{subsection.4.2}{\376\377\000U\000n\000i\000t\000\040\000T\000e\000s\000t\000s}{section.4}% 20
\BOOKMARK [2][-]{subsection.4.3}{\376\377\000K\000l\000a\000s\000s\000e\000n\000s\000t\000r\000u\000k\000t\000u\000r}{section.4}% 21
\BOOKMARK [2][-]{subsection.4.4}{\376\377\000C\000\043\000\040\000u\000n\000d\000\040\000P\000r\000o\000j\000e\000k\000t\000a\000r\000b\000e\000i\000t}{section.4}% 22
\BOOKMARK [1][-]{section.5}{\376\377\000T\000i\000m\000e\000t\000a\000b\000l\000e}{}% 23
\BOOKMARK [1][-]{section.6}{\376\377\000U\000M\000L\000-\000D\000i\000a\000g\000r\000a\000m\000m\000e}{}% 24
\BOOKMARK [2][-]{subsection.6.1}{\376\377\000C\000l\000a\000s\000s\000\040\000P\000a\000t\000t\000e\000r\000n}{section.6}% 25
\BOOKMARK [2][-]{subsection.6.2}{\376\377\000R\000e\000p\000o\000s\000i\000t\000o\000r\000y\000\040\000P\000a\000t\000t\000e\000r\000n}{section.6}% 26
\BOOKMARK [2][-]{subsection.6.3}{\376\377\000H\000a\000n\000d\000l\000e\000r\000\040\000P\000a\000t\000t\000e\000r\000n}{section.6}% 27
